<?xml version="1.0" encoding="UTF-8"?>
<!-- Generated by org.testng.reporters.JUnitXMLReporter -->
<testsuite ignored="2" hostname="DESKTOP-M4EEAT2" failures="0" tests="0" time="0.001" errors="0" timestamp="2024-06-28T17:05:58 IST">
  <testcase classname="Ayushi.Tests.ErrorValidationTest" name="ProductErrorValidation" time="0.0">
    <ignored/>
  </testcase> <!-- ProductErrorValidation -->
  <testcase classname="Ayushi.Tests.ErrorValidationTest" name="LoginErrorMessage" time="0.0">
    <ignored/>
  </testcase> <!-- LoginErrorMessage -->
</testsuite>
