<?xml version="1.0" encoding="UTF-8"?>
<!-- Generated by org.testng.reporters.JUnitXMLReporter -->
<testsuite ignored="1" hostname="DESKTOP-M4EEAT2" failures="0" tests="2" name="Submit Order" time="35.423" errors="0" timestamp="2024-06-28T17:05:58 IST">
  <testcase classname="Ayushi.Tests.SubmitOrderTest" name="SubmitOrder" time="8.996"/>
  <testcase classname="Ayushi.Tests.SubmitOrderTest" name="SubmitOrder" time="7.831"/>
  <testcase classname="Ayushi.Tests.SubmitOrderTest" name="OrderHistory" time="0.0">
    <ignored/>
  </testcase> <!-- OrderHistory -->
</testsuite> <!-- Submit Order -->
